[debug] [2017-09-21T15:15:00.792Z] ----------------------------------------------------------------------
[debug] [2017-09-21T15:15:00.794Z] Command:       C:\Program Files\nodejs\node.exe C:\Users\ADMIN\AppData\Roaming\npm\node_modules\firebase-tools\bin\firebase init
[debug] [2017-09-21T15:15:00.794Z] CLI Version:   3.10.1
[debug] [2017-09-21T15:15:00.794Z] Platform:      win32
[debug] [2017-09-21T15:15:00.794Z] Node Version:  v8.4.0
[debug] [2017-09-21T15:15:00.795Z] Time:          Thu Sep 21 2017 23:15:00 GMT+0800 (Taipei Standard Time)
[debug] [2017-09-21T15:15:00.795Z] ----------------------------------------------------------------------
[debug] 
[debug] [2017-09-21T15:15:00.863Z] > command requires scopes: ["email","openid","https://www.googleapis.com/auth/cloudplatformprojects.readonly","https://www.googleapis.com/auth/firebase"]
[debug] [2017-09-21T15:15:00.863Z] > authorizing via signed-in user
[info] 
     ######## #### ########  ######## ########     ###     ######  ########
     ##        ##  ##     ## ##       ##     ##  ##   ##  ##       ##
     ######    ##  ########  ######   ########  #########  ######  ######
     ##        ##  ##    ##  ##       ##     ## ##     ##       ## ##
     ##       #### ##     ## ######## ########  ##     ##  ######  ########

You're about to initialize a Firebase project in this directory:

  C:\Users\ADMIN\Desktop\Good heart

Before we get started, keep in mind:

  * You are initializing in an existing Firebase project directory

[info] 
=== Project Setup
[info] 
[info] First, let's associate this project directory with a Firebase project.
[info] You can create multiple project aliases by running firebase use --add, 
[info] but for now we'll just set up a default project.
[info] 
[debug] [2017-09-21T15:15:06.746Z] > refreshing access token with scopes: ["email","https://www.googleapis.com/auth/cloudplatformprojects.readonly","https://www.googleapis.com/auth/firebase","openid"]
[debug] [2017-09-21T15:15:06.746Z] >>> HTTP REQUEST POST https://www.googleapis.com/oauth2/v3/token { refresh_token: '1/DzP-P5WVKb43Sn6oWmRXL0WyknrSbfNho6mup4w-o-J3nXcAKUlefzEug1SPYSEp',
  client_id: '563584335869-fgrhgmd47bqnekij5i8b5pr03ho849e6.apps.googleusercontent.com',
  client_secret: 'j9iVZfS8kkCEFUPaAeJV0sAi',
  grant_type: 'refresh_token',
  scope: 'email https://www.googleapis.com/auth/cloudplatformprojects.readonly https://www.googleapis.com/auth/firebase openid' } 
 Thu Sep 21 2017 23:15:06 GMT+0800 (Taipei Standard Time)
[debug] [2017-09-21T15:15:07.081Z] <<< HTTP RESPONSE 200
[debug] [2017-09-21T15:15:07.122Z] >>> HTTP REQUEST GET https://admin.firebase.com/v1/projects  
 Thu Sep 21 2017 23:15:07 GMT+0800 (Taipei Standard Time)
[debug] [2017-09-21T15:15:08.935Z] <<< HTTP RESPONSE 200
[info] i  .firebaserc already has a default project, skipping
[info] 
=== Hosting Setup
[info] 
[info] Your public directory is the folder (relative to your project directory) that
[info] will contain Hosting assets to be uploaded with firebase deploy. If you
[info] have a build process for your assets, use your build's output directory.
[info] 
